SpeechBrain system description
==============================
Python version:
3.8.10 (default, Jun  2 2021, 10:49:15) 
[GCC 9.4.0]
==============================
Installed Python packages:
appdirs==1.4.4
argon2-cffi==20.1.0
async-generator==1.10
attrs==21.2.0
backcall==0.2.0
black==19.10b0
bleach==3.3.0
certifi==2020.12.5
cffi==1.14.5
cfgv==3.2.0
chardet==4.0.0
click==8.0.0
datasets==1.6.2
decorator==5.0.7
defusedxml==0.7.1
dill==0.3.3
distlib==0.3.1
entrypoints==0.3
filelock==3.0.12
flake8==3.7.9
fsspec==2021.4.0
huggingface-hub==0.0.8
HyperPyYAML==1.0.0
identify==2.2.4
idna==2.10
install==1.3.4
ipykernel==5.5.5
ipython==7.23.1
ipython-genutils==0.2.0
ipywidgets==7.6.3
jedi==0.18.0
Jinja2==3.0.0
joblib==1.0.1
jsonschema==3.2.0
jupyter==1.0.0
jupyter-client==6.1.12
jupyter-console==6.4.0
jupyter-core==4.7.1
jupyterlab-pygments==0.1.2
jupyterlab-widgets==1.0.0
MarkupSafe==2.0.0
matplotlib-inline==0.1.2
mccabe==0.6.1
mistune==0.8.4
more-itertools==8.7.0
multiprocess==0.70.11.1
nbclient==0.5.3
nbconvert==6.0.7
nbformat==5.1.3
nest-asyncio==1.5.1
nodeenv==1.6.0
notebook==6.3.0
numpy==1.20.3
packaging==20.9
pandas==1.2.4
pandocfilters==1.4.3
parso==0.8.2
pathspec==0.8.1
pexpect==4.8.0
pickleshare==0.7.5
pkg-resources==0.0.0
pluggy==0.13.1
pre-commit==2.12.1
prometheus-client==0.10.1
prompt-toolkit==3.0.18
ptyprocess==0.7.0
py==1.10.0
pyarrow==4.0.0
pycodestyle==2.5.0
pycparser==2.20
pyflakes==2.1.1
Pygments==2.9.0
pyparsing==2.4.7
pyrsistent==0.17.3
pytest==5.4.1
python-dateutil==2.8.1
pytz==2021.1
PyYAML==5.4.1
pyzmq==22.0.3
qtconsole==5.1.0
QtPy==1.9.0
regex==2021.4.4
requests==2.25.1
ruamel.yaml==0.17.4
ruamel.yaml.clib==0.2.2
sacremoses==0.0.45
scipy==1.6.3
Send2Trash==1.5.0
sentencepiece==0.1.95
six==1.16.0
-e git+git@github.com:Telefonica/speechbrain.git@82d7b0c19c1323b4626879861bb504f1d96a711c#egg=speechbrain
terminado==0.9.5
testpath==0.4.4
tokenizers==0.10.3
toml==0.10.2
torch==1.8.1
torchaudio==0.8.1
tornado==6.1
tqdm==4.49.0
traitlets==5.0.5
transformers @ git+https://github.com/huggingface/transformers@985d708842d654b42256ba73e2172ca97735bb4c
typed-ast==1.4.3
typing-extensions==3.10.0.0
urllib3==1.26.4
virtualenv==20.4.6
wav2vec==1.0.1
wcwidth==0.2.5
webencodings==0.5.1
widgetsnbextension==3.5.1
xxhash==2.0.2
yamllint==1.23.0
==============================
Git revision:
82d7b0c1
==============================
Cuda version:
10.2